<?xml version="1.0" encoding="UTF-8"?>
<!-- Generated by org.testng.reporters.JUnitReportReporter -->
<testsuite name="NaveeenAutomationLab.TestNGpractice" tests="3" time="0.040" ignored="0" failures="0" timestamp="25 Jan 2020 06:31:37 GMT" skipped="0" hostname="Babita-PC" errors="0">
  <testcase name="googleTestlogo" time="0.000" classname="NaveeenAutomationLab.TestNGpractice"/>
  <testcase name="searchTestCase" time="0.010" classname="NaveeenAutomationLab.TestNGpractice"/>
  <testcase name="GoogleTitleTest" time="0.030" classname="NaveeenAutomationLab.TestNGpractice"/>
</testsuite> <!-- NaveeenAutomationLab.TestNGpractice -->
