<?xml version="1.0" encoding="UTF-8"?>
<!-- Generated by org.testng.reporters.JUnitReportReporter -->
<testsuite name="NaveeenAutomationLab.ExceptionTimeOutTest" tests="1" time="0.010" ignored="0" failures="0" timestamp="25 Jan 2020 06:31:37 GMT" skipped="0" hostname="Babita-PC" errors="0">
  <testcase name="test1" time="0.010" classname="NaveeenAutomationLab.ExceptionTimeOutTest"/>
</testsuite> <!-- NaveeenAutomationLab.ExceptionTimeOutTest -->
