<?xml version="1.0" encoding="UTF-8"?>
<!-- Generated by org.testng.reporters.JUnitReportReporter -->
<testsuite name="test.LoingTest" tests="1" time="13.782" ignored="0" failures="0" timestamp="23 Nov 2019 16:28:30 GMT" skipped="0" hostname="Babita-PC" errors="0">
  <testcase name="loginintotechfios" time="13.782" classname="test.LoingTest"/>
</testsuite> <!-- test.LoingTest -->
