<?xml version="1.0" encoding="UTF-8"?>
<!-- Generated by org.testng.reporters.JUnitReportReporter -->
<testsuite name="NaveeenAutomationLab.GoogleTest" tests="6" time="47.285" ignored="0" failures="0" timestamp="25 Jan 2020 06:31:37 GMT" skipped="0" hostname="Babita-PC" errors="0">
  <testcase name="googleImagetest" time="7.891" classname="NaveeenAutomationLab.GoogleTest"/>
  <testcase name="googleTitleTest" time="7.457" classname="NaveeenAutomationLab.GoogleTest"/>
  <testcase name="mailLinkTest" time="8.291" classname="NaveeenAutomationLab.GoogleTest"/>
  <testcase name="test2" time="7.210" classname="NaveeenAutomationLab.GoogleTest"/>
  <testcase name="test3" time="8.466" classname="NaveeenAutomationLab.GoogleTest"/>
  <testcase name="test1" time="7.970" classname="NaveeenAutomationLab.GoogleTest"/>
</testsuite> <!-- NaveeenAutomationLab.GoogleTest -->
