<?xml version="1.0" encoding="UTF-8"?>
<!-- Generated by org.testng.reporters.JUnitReportReporter -->
<testsuite name="com.test.TestNGfromNaveenAutomationLab" tests="3" time="0.032" ignored="0" failures="0" timestamp="25 Jan 2020 01:39:23 GMT" skipped="0" hostname="Babita-PC" errors="0">
  <testcase name="GoogleTitleTest" time="0.017" classname="com.test.TestNGfromNaveenAutomationLab"/>
  <testcase name="googleTestlogo" time="0.010" classname="com.test.TestNGfromNaveenAutomationLab"/>
  <testcase name="searchTestCase" time="0.005" classname="com.test.TestNGfromNaveenAutomationLab"/>
</testsuite> <!-- com.test.TestNGfromNaveenAutomationLab -->
