<?xml version="1.0" encoding="UTF-8"?>
<!-- Generated by org.testng.reporters.JUnitReportReporter -->
<testsuite name="com.test.GoogleTest" tests="6" time="45.219" ignored="0" failures="0" timestamp="25 Jan 2020 04:48:52 GMT" skipped="0" hostname="Babita-PC" errors="0">
  <testcase name="test2" time="7.096" classname="com.test.GoogleTest"/>
  <testcase name="test1" time="9.282" classname="com.test.GoogleTest"/>
  <testcase name="googleTitleTest" time="6.918" classname="com.test.GoogleTest"/>
  <testcase name="googleImagetest" time="7.861" classname="com.test.GoogleTest"/>
  <testcase name="test3" time="6.875" classname="com.test.GoogleTest"/>
  <testcase name="mailLinkTest" time="7.187" classname="com.test.GoogleTest"/>
</testsuite> <!-- com.test.GoogleTest -->
