<?xml version="1.0" encoding="UTF-8"?>
<!-- Generated by org.testng.reporters.JUnitReportReporter -->
<testsuite name="test.LoginTestNG" tests="1" time="14.287" ignored="0" failures="0" timestamp="24 Jan 2020 08:53:35 GMT" skipped="0" hostname="Babita-PC" errors="0">
  <testcase name="InvalidUserShouldNotBeAbleToLogin" time="14.287" classname="test.LoginTestNG"/>
</testsuite> <!-- test.LoginTestNG -->
