<?xml version="1.0" encoding="UTF-8"?>
<!-- Generated by org.testng.reporters.JUnitReportReporter -->
<testsuite name="NaveeenAutomationLab.InvocationCountTest" tests="10" time="0.010" ignored="0" failures="0" timestamp="25 Jan 2020 06:31:37 GMT" skipped="0" hostname="Babita-PC" errors="0">
  <testcase name="sum" time="0.010" classname="NaveeenAutomationLab.InvocationCountTest"/>
  <testcase name="sum" time="0.000" classname="NaveeenAutomationLab.InvocationCountTest"/>
  <testcase name="sum" time="0.000" classname="NaveeenAutomationLab.InvocationCountTest"/>
  <testcase name="sum" time="0.000" classname="NaveeenAutomationLab.InvocationCountTest"/>
  <testcase name="sum" time="0.000" classname="NaveeenAutomationLab.InvocationCountTest"/>
  <testcase name="sum" time="0.000" classname="NaveeenAutomationLab.InvocationCountTest"/>
  <testcase name="sum" time="0.000" classname="NaveeenAutomationLab.InvocationCountTest"/>
  <testcase name="sum" time="0.000" classname="NaveeenAutomationLab.InvocationCountTest"/>
  <testcase name="sum" time="0.000" classname="NaveeenAutomationLab.InvocationCountTest"/>
  <testcase name="sum" time="0.000" classname="NaveeenAutomationLab.InvocationCountTest"/>
</testsuite> <!-- NaveeenAutomationLab.InvocationCountTest -->
