<?xml version="1.0" encoding="UTF-8"?>
<!-- Generated by org.testng.reporters.JUnitReportReporter -->
<testsuite name="NaveeenAutomationLab.GoogleTitleTest" tests="2" time="17.041" ignored="0" failures="0" timestamp="25 Jan 2020 06:31:37 GMT" skipped="0" hostname="Babita-PC" errors="0">
  <testcase name="mailLinkTest" time="9.480" classname="NaveeenAutomationLab.GoogleTitleTest"/>
  <testcase name="googleTitleTest" time="7.561" classname="NaveeenAutomationLab.GoogleTitleTest"/>
</testsuite> <!-- NaveeenAutomationLab.GoogleTitleTest -->
