<?xml version="1.0" encoding="UTF-8"?>
<!-- Generated by org.testng.reporters.JUnitReportReporter -->
<testsuite name="test.LoginTest" tests="2" time="19.583" ignored="0" failures="0" timestamp="23 Nov 2019 19:22:21 GMT" skipped="0" hostname="Babita-PC" errors="0">
  <testcase name="validUserShouldBeAbleToLogin" time="10.683" classname="test.LoginTest"/>
  <testcase name="invalidUsersShouldNotBeAbleToLogin" time="8.900" classname="test.LoginTest"/>
</testsuite> <!-- test.LoginTest -->
