<?xml version="1.0" encoding="UTF-8"?>
<!-- Generated by org.testng.reporters.JUnitReportReporter -->
<testsuite name="test.SelectTest" tests="1" time="18.430" ignored="0" failures="0" timestamp="23 Nov 2019 19:28:57 GMT" skipped="0" hostname="Babita-PC" errors="0">
  <testcase name="selectTest" time="18.430" classname="test.SelectTest"/>
</testsuite> <!-- test.SelectTest -->
