<?xml version="1.0" encoding="UTF-8"?>
<!-- Generated by org.testng.reporters.JUnitReportReporter -->
<testsuite name="test.LoginTest" tests="2" time="24.601" ignored="0" failures="0" timestamp="25 Jan 2020 03:10:52 GMT" skipped="0" hostname="Babita-PC" errors="0">
  <testcase name="validUserShouldBeAbleToLogin" time="13.249" classname="test.LoginTest"/>
  <testcase name="invalidUsersShouldNotBeAbleToLogin" time="11.352" classname="test.LoginTest"/>
</testsuite> <!-- test.LoginTest -->
