<?xml version="1.0" encoding="UTF-8"?>
<!-- Generated by org.testng.reporters.JUnitReportReporter -->
<testsuite name="NaveeenAutomationLab.testFeathers" tests="4" time="0.000" ignored="0" failures="0" timestamp="25 Jan 2020 06:31:37 GMT" skipped="0" hostname="Babita-PC" errors="0">
  <testcase name="LoginPageTest" time="0.000" classname="NaveeenAutomationLab.testFeathers"/>
  <testcase name="HomepageTest" time="0.000" classname="NaveeenAutomationLab.testFeathers"/>
  <testcase name="SearchPageTest" time="0.000" classname="NaveeenAutomationLab.testFeathers"/>
  <testcase name="RegPageTest" time="0.000" classname="NaveeenAutomationLab.testFeathers"/>
</testsuite> <!-- NaveeenAutomationLab.testFeathers -->
